<?xml version="1.0" encoding="UTF-8"?>
<testsuite name="FirstTestes" tests="1" skipped="0" failures="0" errors="0" timestamp="2021-11-23T09:12:30" hostname="WIN-S098G7EAM70" time="9.176">
  <properties/>
  <testcase name="testUntitledTestCase" classname="FirstTestes" time="9.176"/>
  <system-out><![CDATA[]]></system-out>
  <system-err><![CDATA[SLF4J: Failed to load class "org.slf4j.impl.StaticLoggerBinder".
SLF4J: Defaulting to no-operation (NOP) logger implementation
SLF4J: See http://www.slf4j.org/codes.html#StaticLoggerBinder for further details.
Starting ChromeDriver 96.0.4664.35 (8df3babf8da8faa8aacb78f4848ef66a93b4944b-refs/branch-heads/4664@{#680}) on port 8040
Only local connections are allowed.
Please see https://chromedriver.chromium.org/security-considerations for suggestions on keeping ChromeDriver safe.
ChromeDriver was started successfully.
ноя 23, 2021 12:12:30 PM org.openqa.selenium.remote.ProtocolHandshake createSession
INFO: Detected dialect: W3C
]]></system-err>
</testsuite>
